Traceback (most recent call last):
  File "/home/inlinkff/inlinkai/passenger_wsgi.py", line 6, in <module>
    os.execl(INTERP, INTERP, *sys.argv)
  File "<frozen os>", line 542, in execl
FileNotFoundError: [Errno 2] No such file or directory
Traceback (most recent call last):
  File "/home/inlinkff/inlinkai/passenger_wsgi.py", line 6, in <module>
    os.execl(INTERP, INTERP, *sys.argv)
  File "<frozen os>", line 542, in execl
FileNotFoundError: [Errno 2] No such file or directory
[UID:1378][2935881] Child process with pid: 2935894 was killed by signal: 15, core dumped: no
Traceback (most recent call last):
  File "/home/inlinkff/inlinkai/passenger_wsgi.py", line 6, in <module>
    os.execl(INTERP, INTERP, *sys.argv)
  File "<frozen os>", line 542, in execl
FileNotFoundError: [Errno 2] No such file or directory
[UID:1378][2935881] Child process with pid: 2935896 was killed by signal: 15, core dumped: no
Traceback (most recent call last):
  File "/home/inlinkff/inlinkai/passenger_wsgi.py", line 6, in <module>
    os.execl(INTERP, INTERP, *sys.argv)
  File "<frozen os>", line 542, in execl
FileNotFoundError: [Errno 2] No such file or directory
[UID:1378][2935881] Child process with pid: 2935901 was killed by signal: 15, core dumped: no
Traceback (most recent call last):
  File "/home/inlinkff/inlinkai/passenger_wsgi.py", line 6, in <module>
    os.execl(INTERP, INTERP, *sys.argv)
  File "<frozen os>", line 542, in execl
FileNotFoundError: [Errno 2] No such file or directory
[UID:1378][2935881] Child process with pid: 2935907 was killed by signal: 15, core dumped: no
Traceback (most recent call last):
  File "/home/inlinkff/inlinkai/passenger_wsgi.py", line 6, in <module>
    os.execl(INTERP, INTERP, *sys.argv)
  File "<frozen os>", line 542, in execl
FileNotFoundError: [Errno 2] No such file or directory
[UID:1378][2935881] Child process with pid: 2935908 was killed by signal: 15, core dumped: no
Traceback (most recent call last):
  File "/home/inlinkff/inlinkai/passenger_wsgi.py", line 6, in <module>
    os.execl(INTERP, INTERP, *sys.argv)
  File "<frozen os>", line 542, in execl
FileNotFoundError: [Errno 2] No such file or directory
[UID:1378][2935881] Child process with pid: 2935914 was killed by signal: 15, core dumped: no
Traceback (most recent call last):
  File "/home/inlinkff/inlinkai/passenger_wsgi.py", line 6, in <module>
    os.execl(INTERP, INTERP, *sys.argv)
  File "<frozen os>", line 542, in execl
FileNotFoundError: [Errno 2] No such file or directory
[UID:1378][2935881] Child process with pid: 2935915 was killed by signal: 15, core dumped: no
Traceback (most recent call last):
  File "/home/inlinkff/inlinkai/passenger_wsgi.py", line 6, in <module>
    os.execl(INTERP, INTERP, *sys.argv)
  File "<frozen os>", line 542, in execl
FileNotFoundError: [Errno 2] No such file or directory
[UID:1378][2935881] Child process with pid: 2935917 was killed by signal: 15, core dumped: no
Traceback (most recent call last):
  File "/home/inlinkff/inlinkai/passenger_wsgi.py", line 6, in <module>
    os.execl(INTERP, INTERP, *sys.argv)
  File "<frozen os>", line 542, in execl
FileNotFoundError: [Errno 2] No such file or directory
[UID:1378][2935881] Child process with pid: 2935918 was killed by signal: 15, core dumped: no
Traceback (most recent call last):
  File "/home/inlinkff/inlinkai/passenger_wsgi.py", line 6, in <module>
    os.execl(INTERP, INTERP, *sys.argv)
  File "<frozen os>", line 542, in execl
FileNotFoundError: [Errno 2] No such file or directory
[UID:1378][2935881] Child process with pid: 2935922 was killed by signal: 15, core dumped: no
Traceback (most recent call last):
  File "/home/inlinkff/inlinkai/passenger_wsgi.py", line 6, in <module>
    os.execl(INTERP, INTERP, *sys.argv)
  File "<frozen os>", line 542, in execl
FileNotFoundError: [Errno 2] No such file or directory
[UID:1378][2935881] Child process with pid: 2935923 was killed by signal: 15, core dumped: no
Traceback (most recent call last):
  File "/home/inlinkff/inlinkai/passenger_wsgi.py", line 6, in <module>
    os.execl(INTERP, INTERP, *sys.argv)
  File "<frozen os>", line 542, in execl
FileNotFoundError: [Errno 2] No such file or directory
[UID:1378][2935881] Child process with pid: 2935928 was killed by signal: 15, core dumped: no
Traceback (most recent call last):
  File "/home/inlinkff/inlinkai/passenger_wsgi.py", line 6, in <module>
    os.execl(INTERP, INTERP, *sys.argv)
  File "<frozen os>", line 542, in execl
FileNotFoundError: [Errno 2] No such file or directory
[UID:1378][2935881] Child process with pid: 2935929 was killed by signal: 15, core dumped: no
Traceback (most recent call last):
  File "/home/inlinkff/inlinkai/passenger_wsgi.py", line 6, in <module>
    os.execl(INTERP, INTERP, *sys.argv)
  File "<frozen os>", line 542, in execl
FileNotFoundError: [Errno 2] No such file or directory
[UID:1378][2935881] Child process with pid: 2935934 was killed by signal: 15, core dumped: no
Traceback (most recent call last):
  File "/home/inlinkff/inlinkai/passenger_wsgi.py", line 6, in <module>
    os.execl(INTERP, INTERP, *sys.argv)
  File "<frozen os>", line 542, in execl
FileNotFoundError: [Errno 2] No such file or directory
[UID:1378][2935881] Child process with pid: 2935936 was killed by signal: 15, core dumped: no
Traceback (most recent call last):
  File "/home/inlinkff/inlinkai/passenger_wsgi.py", line 6, in <module>
    os.execl(INTERP, INTERP, *sys.argv)
  File "<frozen os>", line 542, in execl
FileNotFoundError: [Errno 2] No such file or directory
[UID:1378][2935881] Child process with pid: 2935941 was killed by signal: 15, core dumped: no
Traceback (most recent call last):
  File "/home/inlinkff/inlinkai/passenger_wsgi.py", line 6, in <module>
    os.execl(INTERP, INTERP, *sys.argv)
  File "<frozen os>", line 542, in execl
FileNotFoundError: [Errno 2] No such file or directory
[UID:1378][2935881] Child process with pid: 2935943 was killed by signal: 15, core dumped: no
Traceback (most recent call last):
  File "/home/inlinkff/inlinkai/passenger_wsgi.py", line 6, in <module>
    os.execl(INTERP, INTERP, *sys.argv)
  File "<frozen os>", line 542, in execl
FileNotFoundError: [Errno 2] No such file or directory
[UID:1378][2935881] Child process with pid: 2935944 was killed by signal: 15, core dumped: no
Traceback (most recent call last):
  File "/home/inlinkff/inlinkai/passenger_wsgi.py", line 6, in <module>
    os.execl(INTERP, INTERP, *sys.argv)
  File "<frozen os>", line 542, in execl
FileNotFoundError: [Errno 2] No such file or directory
[UID:1378][2935881] Child process with pid: 2935945 was killed by signal: 15, core dumped: no
Traceback (most recent call last):
  File "/home/inlinkff/inlinkai/passenger_wsgi.py", line 6, in <module>
    os.execl(INTERP, INTERP, *sys.argv)
  File "<frozen os>", line 542, in execl
FileNotFoundError: [Errno 2] No such file or directory
[UID:1378][2935881] Child process with pid: 2935948 was killed by signal: 15, core dumped: no
Traceback (most recent call last):
  File "/home/inlinkff/inlinkai/passenger_wsgi.py", line 6, in <module>
    os.execl(INTERP, INTERP, *sys.argv)
  File "<frozen os>", line 542, in execl
FileNotFoundError: [Errno 2] No such file or directory
[UID:1378][2935881] Child process with pid: 2935950 was killed by signal: 15, core dumped: no
Traceback (most recent call last):
  File "/home/inlinkff/inlinkai/passenger_wsgi.py", line 6, in <module>
    os.execl(INTERP, INTERP, *sys.argv)
  File "<frozen os>", line 542, in execl
FileNotFoundError: [Errno 2] No such file or directory
[UID:1378][2935881] Child process with pid: 2935961 was killed by signal: 15, core dumped: no
Traceback (most recent call last):
  File "/home/inlinkff/inlinkai/passenger_wsgi.py", line 6, in <module>
    os.execl(INTERP, INTERP, *sys.argv)
  File "<frozen os>", line 542, in execl
FileNotFoundError: [Errno 2] No such file or directory
[UID:1378][2935881] Child process with pid: 2935963 was killed by signal: 15, core dumped: no
Traceback (most recent call last):
  File "/home/inlinkff/inlinkai/passenger_wsgi.py", line 6, in <module>
    os.execl(INTERP, INTERP, *sys.argv)
  File "<frozen os>", line 542, in execl
FileNotFoundError: [Errno 2] No such file or directory
[UID:1378][2935881] Child process with pid: 2935965 was killed by signal: 15, core dumped: no
Traceback (most recent call last):
  File "/home/inlinkff/inlinkai/passenger_wsgi.py", line 6, in <module>
    os.execl(INTERP, INTERP, *sys.argv)
  File "<frozen os>", line 542, in execl
FileNotFoundError: [Errno 2] No such file or directory
[UID:1378][2935881] Child process with pid: 2935968 was killed by signal: 15, core dumped: no
Traceback (most recent call last):
  File "/home/inlinkff/inlinkai/passenger_wsgi.py", line 6, in <module>
    os.execl(INTERP, INTERP, *sys.argv)
  File "<frozen os>", line 542, in execl
FileNotFoundError: [Errno 2] No such file or directory
[UID:1378][2935881] Child process with pid: 2935974 was killed by signal: 15, core dumped: no
Traceback (most recent call last):
  File "/home/inlinkff/inlinkai/passenger_wsgi.py", line 6, in <module>
    os.execl(INTERP, INTERP, *sys.argv)
  File "<frozen os>", line 542, in execl
FileNotFoundError: [Errno 2] No such file or directory
[UID:1378][2935881] Child process with pid: 2935981 was killed by signal: 15, core dumped: no
Traceback (most recent call last):
  File "/home/inlinkff/inlinkai/passenger_wsgi.py", line 6, in <module>
    os.execl(INTERP, INTERP, *sys.argv)
  File "<frozen os>", line 542, in execl
FileNotFoundError: [Errno 2] No such file or directory
[UID:1378][2935881] Child process with pid: 2935985 was killed by signal: 15, core dumped: no
Traceback (most recent call last):
  File "/home/inlinkff/inlinkai/passenger_wsgi.py", line 6, in <module>
    os.execl(INTERP, INTERP, *sys.argv)
  File "<frozen os>", line 542, in execl
FileNotFoundError: [Errno 2] No such file or directory
[UID:1378][2935881] Child process with pid: 2935990 was killed by signal: 15, core dumped: no
Traceback (most recent call last):
  File "/home/inlinkff/inlinkai/passenger_wsgi.py", line 6, in <module>
    os.execl(INTERP, INTERP, *sys.argv)
  File "<frozen os>", line 542, in execl
FileNotFoundError: [Errno 2] No such file or directory
[UID:1378][2935881] Child process with pid: 2935992 was killed by signal: 15, core dumped: no
Traceback (most recent call last):
  File "/home/inlinkff/inlinkai/passenger_wsgi.py", line 6, in <module>
    os.execl(INTERP, INTERP, *sys.argv)
  File "<frozen os>", line 542, in execl
FileNotFoundError: [Errno 2] No such file or directory
[UID:1378][2935881] Child process with pid: 2935998 was killed by signal: 15, core dumped: no
Traceback (most recent call last):
  File "/home/inlinkff/inlinkai/passenger_wsgi.py", line 6, in <module>
    os.execl(INTERP, INTERP, *sys.argv)
  File "<frozen os>", line 542, in execl
FileNotFoundError: [Errno 2] No such file or directory
[UID:1378][2935881] Child process with pid: 2936001 was killed by signal: 15, core dumped: no
Traceback (most recent call last):
  File "/home/inlinkff/inlinkai/passenger_wsgi.py", line 6, in <module>
    os.execl(INTERP, INTERP, *sys.argv)
  File "<frozen os>", line 542, in execl
FileNotFoundError: [Errno 2] No such file or directory
[UID:1378][2935881] Child process with pid: 2936005 was killed by signal: 15, core dumped: no
Traceback (most recent call last):
  File "/home/inlinkff/inlinkai/passenger_wsgi.py", line 6, in <module>
    os.execl(INTERP, INTERP, *sys.argv)
  File "<frozen os>", line 542, in execl
FileNotFoundError: [Errno 2] No such file or directory
[UID:1378][2935881] Child process with pid: 2936010 was killed by signal: 15, core dumped: no
Traceback (most recent call last):
  File "/home/inlinkff/inlinkai/passenger_wsgi.py", line 6, in <module>
    os.execl(INTERP, INTERP, *sys.argv)
  File "<frozen os>", line 542, in execl
FileNotFoundError: [Errno 2] No such file or directory
[UID:1378][2935881] Child process with pid: 2936014 was killed by signal: 15, core dumped: no
Traceback (most recent call last):
  File "/home/inlinkff/inlinkai/passenger_wsgi.py", line 6, in <module>
    os.execl(INTERP, INTERP, *sys.argv)
  File "<frozen os>", line 542, in execl
FileNotFoundError: [Errno 2] No such file or directory
[UID:1378][2935881] Child process with pid: 2936018 was killed by signal: 15, core dumped: no
Traceback (most recent call last):
  File "/home/inlinkff/inlinkai/passenger_wsgi.py", line 6, in <module>
    os.execl(INTERP, INTERP, *sys.argv)
  File "<frozen os>", line 542, in execl
FileNotFoundError: [Errno 2] No such file or directory
[UID:1378][2935881] Child process with pid: 2936020 was killed by signal: 15, core dumped: no
Traceback (most recent call last):
  File "/home/inlinkff/inlinkai/passenger_wsgi.py", line 6, in <module>
    os.execl(INTERP, INTERP, *sys.argv)
  File "<frozen os>", line 542, in execl
FileNotFoundError: [Errno 2] No such file or directory
[UID:1378][2935881] Child process with pid: 2936024 was killed by signal: 15, core dumped: no
Traceback (most recent call last):
  File "/home/inlinkff/inlinkai/passenger_wsgi.py", line 6, in <module>
    os.execl(INTERP, INTERP, *sys.argv)
  File "<frozen os>", line 542, in execl
FileNotFoundError: [Errno 2] No such file or directory
[UID:1378][2935881] Child process with pid: 2936028 was killed by signal: 15, core dumped: no
Traceback (most recent call last):
  File "/home/inlinkff/inlinkai/passenger_wsgi.py", line 6, in <module>
    os.execl(INTERP, INTERP, *sys.argv)
  File "<frozen os>", line 542, in execl
FileNotFoundError: [Errno 2] No such file or directory
[UID:1378][2935881] Child process with pid: 2936029 was killed by signal: 15, core dumped: no
Traceback (most recent call last):
  File "/home/inlinkff/inlinkai/passenger_wsgi.py", line 6, in <module>
    os.execl(INTERP, INTERP, *sys.argv)
  File "<frozen os>", line 542, in execl
FileNotFoundError: [Errno 2] No such file or directory
[UID:1378][2935881] Child process with pid: 2936031 was killed by signal: 15, core dumped: no
Traceback (most recent call last):
  File "/home/inlinkff/inlinkai/passenger_wsgi.py", line 6, in <module>
    os.execl(INTERP, INTERP, *sys.argv)
  File "<frozen os>", line 542, in execl
FileNotFoundError: [Errno 2] No such file or directory
[UID:1378][2935881] Child process with pid: 2936034 was killed by signal: 15, core dumped: no
Traceback (most recent call last):
  File "/home/inlinkff/inlinkai/passenger_wsgi.py", line 6, in <module>
    os.execl(INTERP, INTERP, *sys.argv)
  File "<frozen os>", line 542, in execl
FileNotFoundError: [Errno 2] No such file or directory
[UID:1378][2935881] Child process with pid: 2936041 was killed by signal: 15, core dumped: no
Traceback (most recent call last):
  File "/home/inlinkff/inlinkai/passenger_wsgi.py", line 6, in <module>
    os.execl(INTERP, INTERP, *sys.argv)
  File "<frozen os>", line 542, in execl
FileNotFoundError: [Errno 2] No such file or directory
[UID:1378][2935881] Child process with pid: 2936043 was killed by signal: 15, core dumped: no
Traceback (most recent call last):
  File "/home/inlinkff/inlinkai/passenger_wsgi.py", line 6, in <module>
    os.execl(INTERP, INTERP, *sys.argv)
  File "<frozen os>", line 542, in execl
FileNotFoundError: [Errno 2] No such file or directory
[UID:1378][2935881] Child process with pid: 2936046 was killed by signal: 15, core dumped: no
Traceback (most recent call last):
  File "/home/inlinkff/inlinkai/passenger_wsgi.py", line 6, in <module>
    os.execl(INTERP, INTERP, *sys.argv)
  File "<frozen os>", line 542, in execl
FileNotFoundError: [Errno 2] No such file or directory
[UID:1378][2935881] Child process with pid: 2936053 was killed by signal: 15, core dumped: no
Traceback (most recent call last):
  File "/home/inlinkff/inlinkai/passenger_wsgi.py", line 6, in <module>
    os.execl(INTERP, INTERP, *sys.argv)
  File "<frozen os>", line 542, in execl
FileNotFoundError: [Errno 2] No such file or directory
[UID:1378][2935881] Child process with pid: 2936054 was killed by signal: 15, core dumped: no
Traceback (most recent call last):
  File "/home/inlinkff/inlinkai/passenger_wsgi.py", line 6, in <module>
    os.execl(INTERP, INTERP, *sys.argv)
  File "<frozen os>", line 542, in execl
FileNotFoundError: [Errno 2] No such file or directory
[UID:1378][2935881] Child process with pid: 2936056 was killed by signal: 15, core dumped: no
Traceback (most recent call last):
  File "/home/inlinkff/inlinkai/passenger_wsgi.py", line 6, in <module>
    os.execl(INTERP, INTERP, *sys.argv)
  File "<frozen os>", line 542, in execl
FileNotFoundError: [Errno 2] No such file or directory
[UID:1378][2935881] Child process with pid: 2936057 was killed by signal: 15, core dumped: no
Traceback (most recent call last):
  File "/home/inlinkff/inlinkai/passenger_wsgi.py", line 6, in <module>
    os.execl(INTERP, INTERP, *sys.argv)
  File "<frozen os>", line 542, in execl
FileNotFoundError: [Errno 2] No such file or directory
[UID:1378][2935881] Child process with pid: 2936059 was killed by signal: 15, core dumped: no
Traceback (most recent call last):
  File "/home/inlinkff/inlinkai/passenger_wsgi.py", line 6, in <module>
    os.execl(INTERP, INTERP, *sys.argv)
  File "<frozen os>", line 542, in execl
FileNotFoundError: [Errno 2] No such file or directory
[UID:1378][2935881] Child process with pid: 2936062 was killed by signal: 15, core dumped: no
Traceback (most recent call last):
  File "/home/inlinkff/inlinkai/passenger_wsgi.py", line 6, in <module>
    os.execl(INTERP, INTERP, *sys.argv)
  File "<frozen os>", line 542, in execl
FileNotFoundError: [Errno 2] No such file or directory
[UID:1378][2935881] Child process with pid: 2936064 was killed by signal: 15, core dumped: no
Traceback (most recent call last):
  File "/home/inlinkff/inlinkai/passenger_wsgi.py", line 6, in <module>
    os.execl(INTERP, INTERP, *sys.argv)
  File "<frozen os>", line 542, in execl
FileNotFoundError: [Errno 2] No such file or directory
[UID:1378][2935881] Child process with pid: 2936066 was killed by signal: 15, core dumped: no
Traceback (most recent call last):
  File "/home/inlinkff/inlinkai/passenger_wsgi.py", line 6, in <module>
    os.execl(INTERP, INTERP, *sys.argv)
  File "<frozen os>", line 542, in execl
FileNotFoundError: [Errno 2] No such file or directory
[UID:1378][2935881] Child process with pid: 2936071 was killed by signal: 15, core dumped: no
Traceback (most recent call last):
  File "/home/inlinkff/inlinkai/passenger_wsgi.py", line 6, in <module>
    os.execl(INTERP, INTERP, *sys.argv)
  File "<frozen os>", line 542, in execl
FileNotFoundError: [Errno 2] No such file or directory
[UID:1378][2935881] Child process with pid: 2936076 was killed by signal: 15, core dumped: no
Traceback (most recent call last):
  File "/home/inlinkff/inlinkai/passenger_wsgi.py", line 6, in <module>
    os.execl(INTERP, INTERP, *sys.argv)
  File "<frozen os>", line 542, in execl
FileNotFoundError: [Errno 2] No such file or directory
[UID:1378][2935881] Child process with pid: 2936077 was killed by signal: 15, core dumped: no
Traceback (most recent call last):
  File "/home/inlinkff/inlinkai/passenger_wsgi.py", line 6, in <module>
    os.execl(INTERP, INTERP, *sys.argv)
  File "<frozen os>", line 542, in execl
FileNotFoundError: [Errno 2] No such file or directory
[UID:1378][2935881] Child process with pid: 2936083 was killed by signal: 15, core dumped: no
Traceback (most recent call last):
  File "/home/inlinkff/inlinkai/passenger_wsgi.py", line 6, in <module>
    os.execl(INTERP, INTERP, *sys.argv)
  File "<frozen os>", line 542, in execl
FileNotFoundError: [Errno 2] No such file or directory
[UID:1378][2935881] Child process with pid: 2936085 was killed by signal: 15, core dumped: no
Traceback (most recent call last):
  File "/home/inlinkff/inlinkai/passenger_wsgi.py", line 6, in <module>
    os.execl(INTERP, INTERP, *sys.argv)
  File "<frozen os>", line 542, in execl
FileNotFoundError: [Errno 2] No such file or directory
[UID:1378][2935881] Child process with pid: 2936088 was killed by signal: 15, core dumped: no
Traceback (most recent call last):
  File "/home/inlinkff/inlinkai/passenger_wsgi.py", line 6, in <module>
    os.execl(INTERP, INTERP, *sys.argv)
  File "<frozen os>", line 542, in execl
FileNotFoundError: [Errno 2] No such file or directory
[UID:1378][2935881] Child process with pid: 2936090 was killed by signal: 15, core dumped: no
Traceback (most recent call last):
  File "/home/inlinkff/inlinkai/passenger_wsgi.py", line 6, in <module>
    os.execl(INTERP, INTERP, *sys.argv)
  File "<frozen os>", line 542, in execl
FileNotFoundError: [Errno 2] No such file or directory
[UID:1378][2935881] Child process with pid: 2936093 was killed by signal: 15, core dumped: no
Traceback (most recent call last):
  File "/home/inlinkff/inlinkai/passenger_wsgi.py", line 6, in <module>
    os.execl(INTERP, INTERP, *sys.argv)
  File "<frozen os>", line 542, in execl
FileNotFoundError: [Errno 2] No such file or directory
[UID:1378][2935881] Child process with pid: 2936099 was killed by signal: 15, core dumped: no
Traceback (most recent call last):
  File "/home/inlinkff/inlinkai/passenger_wsgi.py", line 6, in <module>
    os.execl(INTERP, INTERP, *sys.argv)
  File "<frozen os>", line 542, in execl
FileNotFoundError: [Errno 2] No such file or directory
[UID:1378][2935881] Child process with pid: 2936100 was killed by signal: 15, core dumped: no
Traceback (most recent call last):
  File "/home/inlinkff/inlinkai/passenger_wsgi.py", line 6, in <module>
    os.execl(INTERP, INTERP, *sys.argv)
  File "<frozen os>", line 542, in execl
FileNotFoundError: [Errno 2] No such file or directory
[UID:1378][2935881] Child process with pid: 2936104 was killed by signal: 15, core dumped: no
Traceback (most recent call last):
  File "/home/inlinkff/inlinkai/passenger_wsgi.py", line 6, in <module>
    os.execl(INTERP, INTERP, *sys.argv)
  File "<frozen os>", line 542, in execl
FileNotFoundError: [Errno 2] No such file or directory
[UID:1378][2935881] Child process with pid: 2936106 was killed by signal: 15, core dumped: no
Traceback (most recent call last):
  File "/home/inlinkff/inlinkai/passenger_wsgi.py", line 6, in <module>
    os.execl(INTERP, INTERP, *sys.argv)
  File "<frozen os>", line 542, in execl
FileNotFoundError: [Errno 2] No such file or directory
[UID:1378][2935881] Child process with pid: 2936108 was killed by signal: 15, core dumped: no
Traceback (most recent call last):
  File "/home/inlinkff/inlinkai/passenger_wsgi.py", line 6, in <module>
    os.execl(INTERP, INTERP, *sys.argv)
  File "<frozen os>", line 542, in execl
FileNotFoundError: [Errno 2] No such file or directory
[UID:1378][2935881] Child process with pid: 2936112 was killed by signal: 15, core dumped: no
Traceback (most recent call last):
  File "/home/inlinkff/inlinkai/passenger_wsgi.py", line 6, in <module>
    os.execl(INTERP, INTERP, *sys.argv)
  File "<frozen os>", line 542, in execl
FileNotFoundError: [Errno 2] No such file or directory
[UID:1378][2935881] Child process with pid: 2936114 was killed by signal: 15, core dumped: no
Traceback (most recent call last):
  File "/home/inlinkff/inlinkai/passenger_wsgi.py", line 6, in <module>
    os.execl(INTERP, INTERP, *sys.argv)
  File "<frozen os>", line 542, in execl
FileNotFoundError: [Errno 2] No such file or directory
[UID:1378][2935881] Child process with pid: 2936116 was killed by signal: 15, core dumped: no
Traceback (most recent call last):
  File "/home/inlinkff/inlinkai/passenger_wsgi.py", line 6, in <module>
    os.execl(INTERP, INTERP, *sys.argv)
  File "<frozen os>", line 542, in execl
FileNotFoundError: [Errno 2] No such file or directory
[UID:1378][2935881] Child process with pid: 2936119 was killed by signal: 15, core dumped: no
Traceback (most recent call last):
  File "/home/inlinkff/inlinkai/passenger_wsgi.py", line 6, in <module>
    os.execl(INTERP, INTERP, *sys.argv)
  File "<frozen os>", line 542, in execl
FileNotFoundError: [Errno 2] No such file or directory
[UID:1378][2935881] Child process with pid: 2936122 was killed by signal: 15, core dumped: no
Traceback (most recent call last):
  File "/home/inlinkff/inlinkai/passenger_wsgi.py", line 6, in <module>
    os.execl(INTERP, INTERP, *sys.argv)
  File "<frozen os>", line 542, in execl
FileNotFoundError: [Errno 2] No such file or directory
[UID:1378][2935881] Child process with pid: 2936127 was killed by signal: 15, core dumped: no
Traceback (most recent call last):
  File "/home/inlinkff/inlinkai/passenger_wsgi.py", line 6, in <module>
    os.execl(INTERP, INTERP, *sys.argv)
  File "<frozen os>", line 542, in execl
FileNotFoundError: [Errno 2] No such file or directory
[UID:1378][2935881] Child process with pid: 2936131 was killed by signal: 15, core dumped: no
Traceback (most recent call last):
  File "/home/inlinkff/inlinkai/passenger_wsgi.py", line 6, in <module>
    os.execl(INTERP, INTERP, *sys.argv)
  File "<frozen os>", line 542, in execl
FileNotFoundError: [Errno 2] No such file or directory
[UID:1378][2935881] Child process with pid: 2936135 was killed by signal: 15, core dumped: no
Traceback (most recent call last):
  File "/home/inlinkff/inlinkai/passenger_wsgi.py", line 6, in <module>
    os.execl(INTERP, INTERP, *sys.argv)
  File "<frozen os>", line 542, in execl
FileNotFoundError: [Errno 2] No such file or directory
[UID:1378][2935881] Child process with pid: 2936166 was killed by signal: 15, core dumped: no
Traceback (most recent call last):
  File "/home/inlinkff/inlinkai/passenger_wsgi.py", line 6, in <module>
    os.execl(INTERP, INTERP, *sys.argv)
  File "<frozen os>", line 542, in execl
FileNotFoundError: [Errno 2] No such file or directory
[UID:1378][2935881] Child process with pid: 2936181 was killed by signal: 15, core dumped: no
Traceback (most recent call last):
  File "/home/inlinkff/inlinkai/passenger_wsgi.py", line 6, in <module>
    os.execl(INTERP, INTERP, *sys.argv)
  File "<frozen os>", line 542, in execl
FileNotFoundError: [Errno 2] No such file or directory
[UID:1378][2935881] Child process with pid: 2936190 was killed by signal: 15, core dumped: no
Traceback (most recent call last):
  File "/home/inlinkff/inlinkai/passenger_wsgi.py", line 6, in <module>
    os.execl(INTERP, INTERP, *sys.argv)
  File "<frozen os>", line 542, in execl
FileNotFoundError: [Errno 2] No such file or directory
[UID:1378][2935881] Child process with pid: 2936193 was killed by signal: 15, core dumped: no
Traceback (most recent call last):
  File "/home/inlinkff/inlinkai/passenger_wsgi.py", line 6, in <module>
    os.execl(INTERP, INTERP, *sys.argv)
  File "<frozen os>", line 542, in execl
FileNotFoundError: [Errno 2] No such file or directory
[UID:1378][2935881] Child process with pid: 2936194 was killed by signal: 15, core dumped: no
Traceback (most recent call last):
  File "/home/inlinkff/inlinkai/passenger_wsgi.py", line 6, in <module>
    os.execl(INTERP, INTERP, *sys.argv)
  File "<frozen os>", line 542, in execl
FileNotFoundError: [Errno 2] No such file or directory
[UID:1378][2935881] Child process with pid: 2936196 was killed by signal: 15, core dumped: no
Traceback (most recent call last):
  File "/home/inlinkff/inlinkai/passenger_wsgi.py", line 6, in <module>
    os.execl(INTERP, INTERP, *sys.argv)
  File "<frozen os>", line 542, in execl
FileNotFoundError: [Errno 2] No such file or directory
[UID:1378][2935881] Child process with pid: 2936197 was killed by signal: 15, core dumped: no
Traceback (most recent call last):
  File "/home/inlinkff/inlinkai/passenger_wsgi.py", line 6, in <module>
    os.execl(INTERP, INTERP, *sys.argv)
  File "<frozen os>", line 542, in execl
FileNotFoundError: [Errno 2] No such file or directory
[UID:1378][2935881] Child process with pid: 2936199 was killed by signal: 15, core dumped: no
Traceback (most recent call last):
  File "/home/inlinkff/inlinkai/passenger_wsgi.py", line 6, in <module>
    os.execl(INTERP, INTERP, *sys.argv)
  File "<frozen os>", line 542, in execl
FileNotFoundError: [Errno 2] No such file or directory
[UID:1378][2935881] Child process with pid: 2936200 was killed by signal: 15, core dumped: no
Traceback (most recent call last):
  File "/home/inlinkff/inlinkai/passenger_wsgi.py", line 6, in <module>
    os.execl(INTERP, INTERP, *sys.argv)
  File "<frozen os>", line 542, in execl
FileNotFoundError: [Errno 2] No such file or directory
[UID:1378][2935881] Child process with pid: 2936206 was killed by signal: 15, core dumped: no
Traceback (most recent call last):
  File "/home/inlinkff/inlinkai/passenger_wsgi.py", line 6, in <module>
    os.execl(INTERP, INTERP, *sys.argv)
  File "<frozen os>", line 542, in execl
FileNotFoundError: [Errno 2] No such file or directory
[UID:1378][2935881] Child process with pid: 2936208 was killed by signal: 15, core dumped: no
Traceback (most recent call last):
  File "/home/inlinkff/inlinkai/passenger_wsgi.py", line 6, in <module>
    os.execl(INTERP, INTERP, *sys.argv)
  File "<frozen os>", line 542, in execl
FileNotFoundError: [Errno 2] No such file or directory
[UID:1378][2935881] Child process with pid: 2936211 was killed by signal: 15, core dumped: no
Traceback (most recent call last):
  File "/home/inlinkff/inlinkai/passenger_wsgi.py", line 6, in <module>
    os.execl(INTERP, INTERP, *sys.argv)
  File "<frozen os>", line 542, in execl
FileNotFoundError: [Errno 2] No such file or directory
[UID:1378][2935881] Child process with pid: 2936213 was killed by signal: 15, core dumped: no
Traceback (most recent call last):
  File "/home/inlinkff/inlinkai/passenger_wsgi.py", line 6, in <module>
    os.execl(INTERP, INTERP, *sys.argv)
  File "<frozen os>", line 542, in execl
FileNotFoundError: [Errno 2] No such file or directory
[UID:1378][2935881] Child process with pid: 2936219 was killed by signal: 15, core dumped: no
Traceback (most recent call last):
  File "/home/inlinkff/inlinkai/passenger_wsgi.py", line 6, in <module>
    os.execl(INTERP, INTERP, *sys.argv)
  File "<frozen os>", line 542, in execl
FileNotFoundError: [Errno 2] No such file or directory
[UID:1378][2935881] Child process with pid: 2936221 was killed by signal: 15, core dumped: no
Traceback (most recent call last):
  File "/home/inlinkff/inlinkai/passenger_wsgi.py", line 6, in <module>
    os.execl(INTERP, INTERP, *sys.argv)
  File "<frozen os>", line 542, in execl
FileNotFoundError: [Errno 2] No such file or directory
[UID:1378][2935881] Child process with pid: 2936225 was killed by signal: 15, core dumped: no
Traceback (most recent call last):
  File "/home/inlinkff/inlinkai/passenger_wsgi.py", line 6, in <module>
    os.execl(INTERP, INTERP, *sys.argv)
  File "<frozen os>", line 542, in execl
FileNotFoundError: [Errno 2] No such file or directory
[UID:1378][2935881] Child process with pid: 2936229 was killed by signal: 15, core dumped: no
Traceback (most recent call last):
  File "/home/inlinkff/inlinkai/passenger_wsgi.py", line 6, in <module>
    os.execl(INTERP, INTERP, *sys.argv)
  File "<frozen os>", line 542, in execl
FileNotFoundError: [Errno 2] No such file or directory
[UID:1378][2935881] Child process with pid: 2936231 was killed by signal: 15, core dumped: no
Traceback (most recent call last):
  File "/home/inlinkff/inlinkai/passenger_wsgi.py", line 6, in <module>
    os.execl(INTERP, INTERP, *sys.argv)
  File "<frozen os>", line 542, in execl
FileNotFoundError: [Errno 2] No such file or directory
[UID:1378][2935881] Child process with pid: 2936239 was killed by signal: 15, core dumped: no
Traceback (most recent call last):
  File "/home/inlinkff/inlinkai/passenger_wsgi.py", line 6, in <module>
    os.execl(INTERP, INTERP, *sys.argv)
  File "<frozen os>", line 542, in execl
FileNotFoundError: [Errno 2] No such file or directory
[UID:1378][2935881] Child process with pid: 2936242 was killed by signal: 15, core dumped: no
Traceback (most recent call last):
  File "/home/inlinkff/inlinkai/passenger_wsgi.py", line 6, in <module>
    os.execl(INTERP, INTERP, *sys.argv)
  File "<frozen os>", line 542, in execl
FileNotFoundError: [Errno 2] No such file or directory
[UID:1378][2935881] Child process with pid: 2936246 was killed by signal: 15, core dumped: no
Traceback (most recent call last):
  File "/home/inlinkff/inlinkai/passenger_wsgi.py", line 6, in <module>
    os.execl(INTERP, INTERP, *sys.argv)
  File "<frozen os>", line 542, in execl
FileNotFoundError: [Errno 2] No such file or directory
[UID:1378][2935881] Child process with pid: 2936248 was killed by signal: 15, core dumped: no
Traceback (most recent call last):
  File "/home/inlinkff/inlinkai/passenger_wsgi.py", line 6, in <module>
    os.execl(INTERP, INTERP, *sys.argv)
  File "<frozen os>", line 542, in execl
FileNotFoundError: [Errno 2] No such file or directory
[UID:1378][2935881] Child process with pid: 2936251 was killed by signal: 15, core dumped: no
Traceback (most recent call last):
  File "/home/inlinkff/inlinkai/passenger_wsgi.py", line 6, in <module>
    os.execl(INTERP, INTERP, *sys.argv)
  File "<frozen os>", line 542, in execl
FileNotFoundError: [Errno 2] No such file or directory
[UID:1378][2935881] Child process with pid: 2936253 was killed by signal: 15, core dumped: no
Traceback (most recent call last):
  File "/home/inlinkff/inlinkai/passenger_wsgi.py", line 6, in <module>
    os.execl(INTERP, INTERP, *sys.argv)
  File "<frozen os>", line 542, in execl
FileNotFoundError: [Errno 2] No such file or directory
[UID:1378][2935881] Child process with pid: 2936263 was killed by signal: 15, core dumped: no
Traceback (most recent call last):
  File "/home/inlinkff/inlinkai/passenger_wsgi.py", line 6, in <module>
    os.execl(INTERP, INTERP, *sys.argv)
  File "<frozen os>", line 542, in execl
FileNotFoundError: [Errno 2] No such file or directory
[UID:1378][2935881] Child process with pid: 2936268 was killed by signal: 15, core dumped: no
Traceback (most recent call last):
  File "/home/inlinkff/inlinkai/passenger_wsgi.py", line 6, in <module>
    os.execl(INTERP, INTERP, *sys.argv)
  File "<frozen os>", line 542, in execl
FileNotFoundError: [Errno 2] No such file or directory
[UID:1378][2935881] Child process with pid: 2936273 was killed by signal: 15, core dumped: no
Traceback (most recent call last):
  File "/home/inlinkff/inlinkai/passenger_wsgi.py", line 6, in <module>
    os.execl(INTERP, INTERP, *sys.argv)
  File "<frozen os>", line 542, in execl
FileNotFoundError: [Errno 2] No such file or directory
[UID:1378][2935881] Child process with pid: 2936275 was killed by signal: 15, core dumped: no
Traceback (most recent call last):
  File "/home/inlinkff/inlinkai/passenger_wsgi.py", line 6, in <module>
    os.execl(INTERP, INTERP, *sys.argv)
  File "<frozen os>", line 542, in execl
FileNotFoundError: [Errno 2] No such file or directory
[UID:1378][2935881] Child process with pid: 2936276 was killed by signal: 15, core dumped: no
Traceback (most recent call last):
  File "/home/inlinkff/inlinkai/passenger_wsgi.py", line 6, in <module>
    os.execl(INTERP, INTERP, *sys.argv)
  File "<frozen os>", line 542, in execl
FileNotFoundError: [Errno 2] No such file or directory
[UID:1378][2935881] Child process with pid: 2936278 was killed by signal: 15, core dumped: no
Traceback (most recent call last):
  File "/home/inlinkff/inlinkai/passenger_wsgi.py", line 6, in <module>
    os.execl(INTERP, INTERP, *sys.argv)
  File "<frozen os>", line 542, in execl
FileNotFoundError: [Errno 2] No such file or directory
[UID:1378][2935881] Child process with pid: 2936282 was killed by signal: 15, core dumped: no
Traceback (most recent call last):
  File "/home/inlinkff/inlinkai/passenger_wsgi.py", line 6, in <module>
    os.execl(INTERP, INTERP, *sys.argv)
  File "<frozen os>", line 542, in execl
FileNotFoundError: [Errno 2] No such file or directory
[UID:1378][2935881] Child process with pid: 2936284 was killed by signal: 15, core dumped: no
Traceback (most recent call last):
  File "/home/inlinkff/inlinkai/passenger_wsgi.py", line 6, in <module>
    os.execl(INTERP, INTERP, *sys.argv)
  File "<frozen os>", line 542, in execl
FileNotFoundError: [Errno 2] No such file or directory
[UID:1378][2935881] Child process with pid: 2936286 was killed by signal: 15, core dumped: no
Traceback (most recent call last):
  File "/home/inlinkff/inlinkai/passenger_wsgi.py", line 6, in <module>
    os.execl(INTERP, INTERP, *sys.argv)
  File "<frozen os>", line 542, in execl
FileNotFoundError: [Errno 2] No such file or directory
[UID:1378][2935881] Child process with pid: 2936292 was killed by signal: 15, core dumped: no
Traceback (most recent call last):
  File "/home/inlinkff/inlinkai/passenger_wsgi.py", line 6, in <module>
    os.execl(INTERP, INTERP, *sys.argv)
  File "<frozen os>", line 542, in execl
FileNotFoundError: [Errno 2] No such file or directory
[UID:1378][2935881] Child process with pid: 2936296 was killed by signal: 15, core dumped: no
Traceback (most recent call last):
  File "/home/inlinkff/inlinkai/passenger_wsgi.py", line 6, in <module>
    os.execl(INTERP, INTERP, *sys.argv)
  File "<frozen os>", line 542, in execl
FileNotFoundError: [Errno 2] No such file or directory
[UID:1378][2935881] Child process with pid: 2936298 was killed by signal: 15, core dumped: no
Traceback (most recent call last):
  File "/home/inlinkff/inlinkai/passenger_wsgi.py", line 6, in <module>
    os.execl(INTERP, INTERP, *sys.argv)
  File "<frozen os>", line 542, in execl
FileNotFoundError: [Errno 2] No such file or directory
[UID:1378][2935881] Child process with pid: 2936301 was killed by signal: 15, core dumped: no
Traceback (most recent call last):
  File "/home/inlinkff/inlinkai/passenger_wsgi.py", line 6, in <module>
    os.execl(INTERP, INTERP, *sys.argv)
  File "<frozen os>", line 542, in execl
FileNotFoundError: [Errno 2] No such file or directory
[UID:1378][2935881] Child process with pid: 2936580 was killed by signal: 15, core dumped: no
Traceback (most recent call last):
  File "/home/inlinkff/inlinkai/passenger_wsgi.py", line 6, in <module>
    os.execl(INTERP, INTERP, *sys.argv)
  File "<frozen os>", line 542, in execl
FileNotFoundError: [Errno 2] No such file or directory
[UID:1378][2935881] Child process with pid: 2936657 was killed by signal: 15, core dumped: no
Traceback (most recent call last):
  File "/home/inlinkff/inlinkai/passenger_wsgi.py", line 6, in <module>
    os.execl(INTERP, INTERP, *sys.argv)
  File "<frozen os>", line 542, in execl
FileNotFoundError: [Errno 2] No such file or directory
[UID:1378][2935881] Child process with pid: 2936679 was killed by signal: 15, core dumped: no
Traceback (most recent call last):
  File "/home/inlinkff/inlinkai/passenger_wsgi.py", line 6, in <module>
    os.execl(INTERP, INTERP, *sys.argv)
  File "<frozen os>", line 542, in execl
FileNotFoundError: [Errno 2] No such file or directory
[UID:1378][2935881] Child process with pid: 2936684 was killed by signal: 15, core dumped: no
Traceback (most recent call last):
  File "/home/inlinkff/inlinkai/passenger_wsgi.py", line 6, in <module>
    os.execl(INTERP, INTERP, *sys.argv)
  File "<frozen os>", line 542, in execl
FileNotFoundError: [Errno 2] No such file or directory
[UID:1378][2935881] Child process with pid: 2936701 was killed by signal: 15, core dumped: no
Traceback (most recent call last):
  File "/home/inlinkff/inlinkai/passenger_wsgi.py", line 6, in <module>
    os.execl(INTERP, INTERP, *sys.argv)
  File "<frozen os>", line 542, in execl
FileNotFoundError: [Errno 2] No such file or directory
[UID:1378][2935881] Child process with pid: 2936713 was killed by signal: 15, core dumped: no
Traceback (most recent call last):
  File "/home/inlinkff/inlinkai/passenger_wsgi.py", line 6, in <module>
    os.execl(INTERP, INTERP, *sys.argv)
  File "<frozen os>", line 542, in execl
FileNotFoundError: [Errno 2] No such file or directory
[UID:1378][2935881] Child process with pid: 2936764 was killed by signal: 15, core dumped: no
Traceback (most recent call last):
  File "/home/inlinkff/inlinkai/passenger_wsgi.py", line 6, in <module>
    os.execl(INTERP, INTERP, *sys.argv)
  File "<frozen os>", line 542, in execl
FileNotFoundError: [Errno 2] No such file or directory
Traceback (most recent call last):
  File "/home/inlinkff/inlinkai/passenger_wsgi.py", line 6, in <module>
    os.execl(INTERP, INTERP, *sys.argv)
  File "<frozen os>", line 542, in execl
FileNotFoundError: [Errno 2] No such file or directory
[UID:1378][2936915] Child process with pid: 2936929 was killed by signal: 15, core dumped: no
Traceback (most recent call last):
  File "/home/inlinkff/inlinkai/passenger_wsgi.py", line 6, in <module>
    os.execl(INTERP, INTERP, *sys.argv)
  File "<frozen os>", line 542, in execl
FileNotFoundError: [Errno 2] No such file or directory
[UID:1378][2936915] Child process with pid: 2937112 was killed by signal: 15, core dumped: no
Traceback (most recent call last):
  File "/home/inlinkff/inlinkai/passenger_wsgi.py", line 6, in <module>
    os.execl(INTERP, INTERP, *sys.argv)
  File "<frozen os>", line 542, in execl
FileNotFoundError: [Errno 2] No such file or directory
[UID:1378][2936915] Child process with pid: 2937155 was killed by signal: 15, core dumped: no
Traceback (most recent call last):
  File "/home/inlinkff/inlinkai/passenger_wsgi.py", line 6, in <module>
    os.execl(INTERP, INTERP, *sys.argv)
  File "<frozen os>", line 542, in execl
FileNotFoundError: [Errno 2] No such file or directory
[UID:1378][2936915] Child process with pid: 2937160 was killed by signal: 15, core dumped: no
Traceback (most recent call last):
  File "/home/inlinkff/inlinkai/passenger_wsgi.py", line 6, in <module>
    os.execl(INTERP, INTERP, *sys.argv)
  File "<frozen os>", line 542, in execl
FileNotFoundError: [Errno 2] No such file or directory
[UID:1378][2936915] Child process with pid: 2937270 was killed by signal: 15, core dumped: no
Traceback (most recent call last):
  File "/home/inlinkff/inlinkai/passenger_wsgi.py", line 6, in <module>
    os.execl(INTERP, INTERP, *sys.argv)
  File "<frozen os>", line 542, in execl
FileNotFoundError: [Errno 2] No such file or directory
[UID:1378][2936915] Child process with pid: 2937411 was killed by signal: 15, core dumped: no
Traceback (most recent call last):
  File "/home/inlinkff/inlinkai/passenger_wsgi.py", line 6, in <module>
    os.execl(INTERP, INTERP, *sys.argv)
  File "<frozen os>", line 542, in execl
FileNotFoundError: [Errno 2] No such file or directory
[UID:1378][2936915] Child process with pid: 2937612 was killed by signal: 15, core dumped: no
Traceback (most recent call last):
  File "/home/inlinkff/inlinkai/passenger_wsgi.py", line 6, in <module>
    os.execl(INTERP, INTERP, *sys.argv)
  File "<frozen os>", line 542, in execl
FileNotFoundError: [Errno 2] No such file or directory
[UID:1378][2936915] Child process with pid: 2937733 was killed by signal: 15, core dumped: no
Traceback (most recent call last):
  File "/home/inlinkff/inlinkai/passenger_wsgi.py", line 6, in <module>
    os.execl(INTERP, INTERP, *sys.argv)
  File "<frozen os>", line 542, in execl
FileNotFoundError: [Errno 2] No such file or directory
[UID:1378][2936915] Child process with pid: 2937869 was killed by signal: 15, core dumped: no
Traceback (most recent call last):
  File "/home/inlinkff/inlinkai/passenger_wsgi.py", line 6, in <module>
    os.execl(INTERP, INTERP, *sys.argv)
  File "<frozen os>", line 542, in execl
FileNotFoundError: [Errno 2] No such file or directory
[UID:1378][2936915] Child process with pid: 2937953 was killed by signal: 15, core dumped: no
Traceback (most recent call last):
  File "/home/inlinkff/inlinkai/passenger_wsgi.py", line 6, in <module>
    os.execl(INTERP, INTERP, *sys.argv)
  File "<frozen os>", line 542, in execl
FileNotFoundError: [Errno 2] No such file or directory
[UID:1378][2936915] Child process with pid: 2938091 was killed by signal: 15, core dumped: no
Traceback (most recent call last):
  File "/home/inlinkff/inlinkai/passenger_wsgi.py", line 6, in <module>
    os.execl(INTERP, INTERP, *sys.argv)
  File "<frozen os>", line 542, in execl
FileNotFoundError: [Errno 2] No such file or directory
[UID:1378][2936915] Child process with pid: 2938649 was killed by signal: 15, core dumped: no
Traceback (most recent call last):
  File "/home/inlinkff/inlinkai/passenger_wsgi.py", line 6, in <module>
    os.execl(INTERP, INTERP, *sys.argv)
  File "<frozen os>", line 542, in execl
FileNotFoundError: [Errno 2] No such file or directory
[UID:1378][2936915] Child process with pid: 2956641 was killed by signal: 15, core dumped: no
Traceback (most recent call last):
  File "/home/inlinkff/inlinkai/passenger_wsgi.py", line 6, in <module>
    os.execl(INTERP, INTERP, *sys.argv)
  File "<frozen os>", line 542, in execl
FileNotFoundError: [Errno 2] No such file or directory
[UID:1378][2936915] Child process with pid: 2956646 was killed by signal: 15, core dumped: no
Traceback (most recent call last):
  File "/home/inlinkff/inlinkai/passenger_wsgi.py", line 6, in <module>
    os.execl(INTERP, INTERP, *sys.argv)
  File "<frozen os>", line 542, in execl
FileNotFoundError: [Errno 2] No such file or directory
[UID:1378][2936915] Child process with pid: 2956656 was killed by signal: 15, core dumped: no
Traceback (most recent call last):
  File "/home/inlinkff/inlinkai/passenger_wsgi.py", line 6, in <module>
    os.execl(INTERP, INTERP, *sys.argv)
  File "<frozen os>", line 542, in execl
FileNotFoundError: [Errno 2] No such file or directory
[UID:1378][2936915] Child process with pid: 2956663 was killed by signal: 15, core dumped: no
Traceback (most recent call last):
  File "/home/inlinkff/inlinkai/passenger_wsgi.py", line 6, in <module>
    os.execl(INTERP, INTERP, *sys.argv)
  File "<frozen os>", line 542, in execl
FileNotFoundError: [Errno 2] No such file or directory
[UID:1378][2936915] Child process with pid: 2956672 was killed by signal: 15, core dumped: no
Traceback (most recent call last):
  File "/home/inlinkff/inlinkai/passenger_wsgi.py", line 6, in <module>
    os.execl(INTERP, INTERP, *sys.argv)
  File "<frozen os>", line 542, in execl
FileNotFoundError: [Errno 2] No such file or directory
[UID:1378][2936915] Child process with pid: 2956682 was killed by signal: 15, core dumped: no
Traceback (most recent call last):
  File "/home/inlinkff/inlinkai/passenger_wsgi.py", line 6, in <module>
    os.execl(INTERP, INTERP, *sys.argv)
  File "<frozen os>", line 542, in execl
FileNotFoundError: [Errno 2] No such file or directory
[UID:1378][2936915] Child process with pid: 2956691 was killed by signal: 15, core dumped: no
Traceback (most recent call last):
  File "/home/inlinkff/inlinkai/passenger_wsgi.py", line 6, in <module>
    os.execl(INTERP, INTERP, *sys.argv)
  File "<frozen os>", line 542, in execl
FileNotFoundError: [Errno 2] No such file or directory
[UID:1378][2936915] Child process with pid: 2956692 was killed by signal: 15, core dumped: no
Traceback (most recent call last):
  File "/home/inlinkff/inlinkai/passenger_wsgi.py", line 6, in <module>
    os.execl(INTERP, INTERP, *sys.argv)
  File "<frozen os>", line 542, in execl
FileNotFoundError: [Errno 2] No such file or directory
[UID:1378][2936915] Child process with pid: 2956698 was killed by signal: 15, core dumped: no
Traceback (most recent call last):
  File "/home/inlinkff/inlinkai/passenger_wsgi.py", line 6, in <module>
    os.execl(INTERP, INTERP, *sys.argv)
  File "<frozen os>", line 542, in execl
FileNotFoundError: [Errno 2] No such file or directory
[UID:1378][2936915] Child process with pid: 2956710 was killed by signal: 15, core dumped: no
Traceback (most recent call last):
  File "/home/inlinkff/inlinkai/passenger_wsgi.py", line 6, in <module>
    os.execl(INTERP, INTERP, *sys.argv)
  File "<frozen os>", line 542, in execl
FileNotFoundError: [Errno 2] No such file or directory
[UID:1378][2936915] Child process with pid: 2956717 was killed by signal: 15, core dumped: no
Traceback (most recent call last):
  File "/home/inlinkff/inlinkai/passenger_wsgi.py", line 6, in <module>
    os.execl(INTERP, INTERP, *sys.argv)
  File "<frozen os>", line 542, in execl
FileNotFoundError: [Errno 2] No such file or directory
[UID:1378][2936915] Child process with pid: 2956871 was killed by signal: 15, core dumped: no
Traceback (most recent call last):
  File "/home/inlinkff/inlinkai/passenger_wsgi.py", line 6, in <module>
    os.execl(INTERP, INTERP, *sys.argv)
  File "<frozen os>", line 542, in execl
FileNotFoundError: [Errno 2] No such file or directory
[UID:1378][2936915] Child process with pid: 2957021 was killed by signal: 15, core dumped: no
/usr/local/lsws/fcgi-bin/lswsgi_wrapper: line 8: cd: /home/inlinkff/virtualenv/inlinkai/3.11: No such file or directory
/usr/local/lsws/fcgi-bin/lswsgi_wrapper: line 9: /home/inlinkff/virtualenv/inlinkai/3.11/bin/set_env_vars.py: No such file or directory
Python path configuration:
  PYTHONHOME = '/home/inlinkff/virtualenv/inlinkai/3.11'
  PYTHONPATH = '.:/home/inlinkff/inlinkai/'
  program name = '/home/inlinkff/virtualenv/inlinkai/3.11/bin/python'
  isolated = 0
  environment = 1
  user site = 1
  safe_path = 0
  import site = 1
  is in build tree = 0
  stdlib dir = '/home/inlinkff/virtualenv/inlinkai/3.11/lib64/python3.11'
  sys._base_executable = '/home/inlinkff/virtualenv/inlinkai/3.11/bin/python'
  sys.base_prefix = '/home/inlinkff/virtualenv/inlinkai/3.11'
  sys.base_exec_prefix = '/home/inlinkff/virtualenv/inlinkai/3.11'
  sys.platlibdir = 'lib64'
  sys.executable = '/home/inlinkff/virtualenv/inlinkai/3.11/bin/python'
  sys.prefix = '/home/inlinkff/virtualenv/inlinkai/3.11'
  sys.exec_prefix = '/home/inlinkff/virtualenv/inlinkai/3.11'
  sys.path = [
    '/home/inlinkff/inlinkai',
    '/home/inlinkff/inlinkai',
    '/home/inlinkff/virtualenv/inlinkai/3.11/lib64/python311.zip',
    '/home/inlinkff/virtualenv/inlinkai/3.11/lib64/python3.11',
    '/home/inlinkff/virtualenv/inlinkai/3.11/lib64/python3.11/lib-dynload',
  ]
Fatal Python error: init_fs_encoding: failed to get the Python codec of the filesystem encoding
Python runtime state: core initialized
ModuleNotFoundError: No module named 'encodings'

Current thread 0x00007f8e491b6740 (most recent call first):
  <no Python frame>
